#
# There is insufficient memory for the Java Runtime Environment to continue.
# Native memory allocation (mmap) failed to map 130023424 bytes. Error detail: G1 virtual space
# Possible reasons:
#   The system is out of physical RAM or swap space
#   This process is running with CompressedOops enabled, and the Java Heap may be blocking the growth of the native heap
# Possible solutions:
#   Reduce memory load on the system
#   Increase physical memory or swap space
#   Check if swap backing store is full
#   Decrease Java heap size (-Xmx/-Xms)
#   Decrease number of Java threads
#   Decrease Java thread stack sizes (-Xss)
#   Set larger code cache with -XX:ReservedCodeCacheSize=
#   JVM is running with Unscaled Compressed Oops mode in which the Java heap is
#     placed in the first 4GB address space. The Java Heap base address is the
#     maximum limit for the native heap growth. Please use -XX:HeapBaseMinAddress
#     to set the Java Heap base and to place the Java Heap above 4GB virtual address.
# This output file may be truncated or incomplete.
#
#  Out of Memory Error (os_windows.cpp:3825), pid=13352, tid=11052
#
# JRE version:  (17.0.11) (build )
# Java VM: OpenJDK 64-Bit Server VM (17.0.11+0--11852314, mixed mode, sharing, tiered, compressed oops, compressed class ptrs, g1 gc, windows-amd64)
# No core dump will be written. Minidumps are not enabled by default on client versions of Windows
#

---------------  S U M M A R Y ------------

Command Line: org.jetbrains.kotlin.cli.jvm.K2JVMCompiler @C:\ASProjects\Cart\app\build\20241006_9619468996848261050.compiler.options

Host: 12th Gen Intel(R) Core(TM) i5-1235U, 12 cores, 7G,  Windows 11 , 64 bit Build 22621 (10.0.22621.3958)
Time: Sun Oct  6 21:32:22 2024 RTZ 2 (s 11 , 64 bit Build 22621 (10.0.22621.3958) elapsed time: 0.008324 seconds (0d 0h 0m 0s)

---------------  T H R E A D  ---------------

Current thread (0x00000237d2dffc60):  JavaThread "Unknown thread" [_thread_in_vm, id=11052, stack(0x0000004a41800000,0x0000004a41900000)]

Stack: [0x0000004a41800000,0x0000004a41900000]
Native frames: (J=compiled Java code, j=interpreted, Vv=VM code, C=native code)
V  [jvm.dll+0x687bb9]
V  [jvm.dll+0x84142a]
V  [jvm.dll+0x8430ae]
V  [jvm.dll+0x843713]
V  [jvm.dll+0x24a35f]
V  [jvm.dll+0x684989]
V  [jvm.dll+0x67923a]
V  [jvm.dll+0x30af0b]
V  [jvm.dll+0x3123b6]
V  [jvm.dll+0x361dfe]
V  [jvm.dll+0x36202f]
V  [jvm.dll+0x2e0d38]
V  [jvm.dll+0x2e1ca4]
V  [jvm.dll+0x811f21]
V  [jvm.dll+0x36fb68]
V  [jvm.dll+0x7f0896]
V  [jvm.dll+0x3f3d2f]
V  [jvm.dll+0x3f58e1]
C  [jli.dll+0x528f]
C  [ucrtbase.dll+0x29333]
C  [KERNEL32.DLL+0x1257d]
C  [ntdll.dll+0x5af28]


---------------  P R O C E S S  ---------------

Threads class SMR info:
_java_thread_list=0x00007ff8e154efd8, length=0, elements={
}

Java Threads: ( => current thread )

Other Threads:
  0x00000237d2e5c770 GCTaskThread "GC Thread#0" [stack: 0x0000004a41900000,0x0000004a41a00000] [id=4960]
  0x00000237d2e6cdc0 ConcurrentGCThread "G1 Main Marker" [stack: 0x0000004a41a00000,0x0000004a41b00000] [id=14992]
  0x00000237d2e6d7e0 ConcurrentGCThread "G1 Conc#0" [stack: 0x0000004a41b00000,0x0000004a41c00000] [id=9208]

[error occurred during error reporting (printing all threads), id 0xc0000005, EXCEPTION_ACCESS_VIOLATION (0xc0000005) at pc=0x00007ff8e0d01907]

VM state: not at safepoint (not fully initialized)

VM Mutex/Monitor currently owned by a thread:  ([mutex/lock_event])
[0x00000237d2dfb490] Heap_lock - owner thread: 0x00000237d2dffc60

Heap address: 0x0000000084800000, size: 1976 MB, Compressed Oops mode: 32-bit

CDS archive(s) mapped at: [0x0000000000000000-0x0000000000000000-0x0000000000000000), size 0, SharedBaseAddress: 0x0000000800000000, ArchiveRelocationMode: 1.
Narrow klass base: 0x0000000000000000, Narrow klass shift: 0, Narrow klass range: 0x0

GC Precious Log:
<Empty>

Heap:
 garbage-first heap   total 0K, used 0K [0x0000000084800000, 0x0000000100000000)
  region size 1024K, 0 young (0K), 0 survivors (0K)
 Metaspace       used 0K, committed 0K, reserved 0K
  class space    used 0K, committed 0K, reserved 0K

Heap Regions: E=young(eden), S=young(survivor), O=old, HS=humongous(starts), HC=humongous(continues), CS=collection set, F=free, OA=open archive, CA=closed archive, TAMS=top-at-mark-start (previous, next)

Card table byte_map: [0x00000237e5c00000,0x00000237e5fe0000] _byte_map_base: 0x00000237e57dc000

Marking Bits (Prev, Next): (CMBitMap*) 0x00000237d2e5cd90, (CMBitMap*) 0x00000237d2e5cdd0
 Prev Bits: [0x00000237e63c0000, 0x00000237e82a0000)
 Next Bits: [0x00000237e82a0000, 0x00000237ea180000)

GC Heap History (0 events):
No events

Dll operation events (1 events):
Event: 0.005 Loaded shared library C:\Program Files\Android\Android Studio\jbr\bin\java.dll

Deoptimization events (0 events):
No events

Classes unloaded (0 events):
No events

Classes redefined (0 events):
No events

Internal exceptions (0 events):
No events

VM Operations (0 events):
No events

Events (0 events):
No events


Dynamic libraries:
0x00007ff7d8790000 - 0x00007ff7d879a000 	C:\Program Files\Android\Android Studio\jbr\bin\java.exe
0x00007ff951290000 - 0x00007ff9514a7000 	C:\WINDOWS\SYSTEM32\ntdll.dll
0x00007ff94fac0000 - 0x00007ff94fb84000 	C:\WINDOWS\System32\KERNEL32.DLL
0x00007ff94eaa0000 - 0x00007ff94ee4d000 	C:\WINDOWS\System32\KERNELBASE.dll
0x00007ff94e8d0000 - 0x00007ff94e9e1000 	C:\WINDOWS\System32\ucrtbase.dll
0x00007ff94c150000 - 0x00007ff94c16b000 	C:\Program Files\Android\Android Studio\jbr\bin\VCRUNTIME140.dll
0x00007ff949730000 - 0x00007ff949747000 	C:\Program Files\Android\Android Studio\jbr\bin\jli.dll
0x00007ff951070000 - 0x00007ff95121e000 	C:\WINDOWS\System32\USER32.dll
0x00007ff94e9f0000 - 0x00007ff94ea16000 	C:\WINDOWS\System32\win32u.dll
0x00007ff934a80000 - 0x00007ff934d13000 	C:\WINDOWS\WinSxS\amd64_microsoft.windows.common-controls_6595b64144ccf1df_6.0.22621.3672_none_2713b9d173822955\COMCTL32.dll
0x00007ff94fc60000 - 0x00007ff94fd07000 	C:\WINDOWS\System32\msvcrt.dll
0x00007ff94ff20000 - 0x00007ff94ff49000 	C:\WINDOWS\System32\GDI32.dll
0x00007ff94e7b0000 - 0x00007ff94e8c9000 	C:\WINDOWS\System32\gdi32full.dll
0x00007ff94eef0000 - 0x00007ff94ef8a000 	C:\WINDOWS\System32\msvcp_win.dll
0x00007ff94fee0000 - 0x00007ff94ff11000 	C:\WINDOWS\System32\IMM32.DLL
0x00007ff94c1a0000 - 0x00007ff94c1ac000 	C:\Program Files\Android\Android Studio\jbr\bin\vcruntime140_1.dll
0x00007ff948ab0000 - 0x00007ff948b3d000 	C:\Program Files\Android\Android Studio\jbr\bin\msvcp140.dll
0x00007ff8e0a10000 - 0x00007ff8e1693000 	C:\Program Files\Android\Android Studio\jbr\bin\server\jvm.dll
0x00007ff94ef90000 - 0x00007ff94f042000 	C:\WINDOWS\System32\ADVAPI32.dll
0x00007ff950560000 - 0x00007ff950609000 	C:\WINDOWS\System32\sechost.dll
0x00007ff94ee50000 - 0x00007ff94ee78000 	C:\WINDOWS\System32\bcrypt.dll
0x00007ff950610000 - 0x00007ff950724000 	C:\WINDOWS\System32\RPCRT4.dll
0x00007ff94e450000 - 0x00007ff94e49d000 	C:\WINDOWS\SYSTEM32\POWRPROF.dll
0x00007ff945490000 - 0x00007ff9454c4000 	C:\WINDOWS\SYSTEM32\WINMM.dll
0x00007ff930d70000 - 0x00007ff930d79000 	C:\WINDOWS\SYSTEM32\WSOCK32.dll
0x00007ff94fa20000 - 0x00007ff94fa91000 	C:\WINDOWS\System32\WS2_32.dll
0x00007ff946b40000 - 0x00007ff946b4a000 	C:\WINDOWS\SYSTEM32\VERSION.dll
0x00007ff94e430000 - 0x00007ff94e443000 	C:\WINDOWS\SYSTEM32\UMPDC.dll
0x00007ff94d5b0000 - 0x00007ff94d5c8000 	C:\WINDOWS\SYSTEM32\kernel.appcore.dll
0x00007ff949f90000 - 0x00007ff949f9a000 	C:\Program Files\Android\Android Studio\jbr\bin\jimage.dll
0x00007ff94be70000 - 0x00007ff94c0a2000 	C:\WINDOWS\SYSTEM32\DBGHELP.DLL
0x00007ff94f690000 - 0x00007ff94fa1e000 	C:\WINDOWS\System32\combase.dll
0x00007ff9501c0000 - 0x00007ff950297000 	C:\WINDOWS\System32\OLEAUT32.dll
0x00007ff931110000 - 0x00007ff931142000 	C:\WINDOWS\SYSTEM32\dbgcore.DLL
0x00007ff94ea20000 - 0x00007ff94ea9b000 	C:\WINDOWS\System32\bcryptPrimitives.dll
0x00007ff948ee0000 - 0x00007ff948f05000 	C:\Program Files\Android\Android Studio\jbr\bin\java.dll

dbghelp: loaded successfully - version: 4.0.5 - missing functions: none
symbol engine: initialized successfully - sym options: 0x614 - pdb path: .;C:\Program Files\Android\Android Studio\jbr\bin;C:\WINDOWS\SYSTEM32;C:\WINDOWS\WinSxS\amd64_microsoft.windows.common-controls_6595b64144ccf1df_6.0.22621.3672_none_2713b9d173822955;C:\Program Files\Android\Android Studio\jbr\bin\server

VM Arguments:
java_command: org.jetbrains.kotlin.cli.jvm.K2JVMCompiler @C:\ASProjects\Cart\app\build\20241006_9619468996848261050.compiler.options
java_class_path (initial): C:\Users\4kimo\.gradle\caches\modules-2\files-2.1\org.jetbrains.kotlin\kotlin-compiler-embeddable\1.9.0\2c8c3a7402becca891f12739b3e9fd2dc2adbd7a\kotlin-compiler-embeddable-1.9.0.jar;C:\Users\4kimo\.gradle\caches\modules-2\files-2.1\org.jetbrains.kotlin\kotlin-stdlib\1.9.0\8ee15ef0c67dc83d874f412d84378d7f0eb50b63\kotlin-stdlib-1.9.0.jar;C:\Users\4kimo\.gradle\caches\modules-2\files-2.1\org.jetbrains.kotlin\kotlin-script-runtime\1.9.0\4b3102cbbb7e1b58d9d1adf89563f00069ffa7d1\kotlin-script-runtime-1.9.0.jar;C:\Users\4kimo\.gradle\caches\modules-2\files-2.1\org.jetbrains.kotlin\kotlin-reflect\1.6.10\1cbe9c92c12a94eea200d23c2bbaedaf3daf5132\kotlin-reflect-1.6.10.jar;C:\Users\4kimo\.gradle\caches\modules-2\files-2.1\org.jetbrains.kotlin\kotlin-daemon-embeddable\1.9.0\186543f5e28cf8d9a0290fecc2cf34301c40a65c\kotlin-daemon-embeddable-1.9.0.jar;C:\Users\4kimo\.gradle\caches\modules-2\files-2.1\org.jetbrains.intellij.deps\trove4j\1.0.20200330\3afb14d5f9ceb459d724e907a21145e8ff394f02\trove4j-1.0.20200330.jar;C:\Users\4kimo\.gradle\caches\modules-2\files-2.1\org.jetbrains.kotlin\kotlin-stdlib-common\1.9.0\cd65c21cfd1eec4d44ef09f9f52b6d9f8a720636\kotlin-stdlib-common-1.9.0.jar;C:\Users\4kimo\.gradle\caches\modules-2\files-2.1\org.jetbrains\annotations\13.0\919f0dfe192fb4e063e7dacadee7f8bb9a2672a9\annotations-13.0.jar
Launcher Type: SUN_STANDARD

[Global flags]
     intx CICompilerCount                          = 4                                         {product} {ergonomic}
     uint ConcGCThreads                            = 3                                         {product} {ergonomic}
     uint G1ConcRefinementThreads                  = 10                                        {product} {ergonomic}
   size_t G1HeapRegionSize                         = 1048576                                   {product} {ergonomic}
    uintx GCDrainStackTargetSize                   = 64                                        {product} {ergonomic}
   size_t InitialHeapSize                          = 130023424                                 {product} {ergonomic}
   size_t MarkStackSize                            = 4194304                                   {product} {ergonomic}
   size_t MaxHeapSize                              = 2071986176                                {product} {ergonomic}
   size_t MinHeapDeltaBytes                        = 1048576                                   {product} {ergonomic}
   size_t MinHeapSize                              = 8388608                                   {product} {ergonomic}
    uintx NonNMethodCodeHeapSize                   = 5839372                                {pd product} {ergonomic}
    uintx NonProfiledCodeHeapSize                  = 122909434                              {pd product} {ergonomic}
    uintx ProfiledCodeHeapSize                     = 122909434                              {pd product} {ergonomic}
    uintx ReservedCodeCacheSize                    = 251658240                              {pd product} {ergonomic}
     bool SegmentedCodeCache                       = true                                      {product} {ergonomic}
   size_t SoftMaxHeapSize                          = 2071986176                             {manageable} {ergonomic}
     bool UseCompressedClassPointers               = true                           {product lp64_product} {ergonomic}
     bool UseCompressedOops                        = true                           {product lp64_product} {ergonomic}
     bool UseG1GC                                  = true                                      {product} {ergonomic}
     bool UseLargePagesIndividualAllocation        = false                                  {pd product} {ergonomic}

Logging:
Log output configuration:
 #0: stdout all=warning uptime,level,tags
 #1: stderr all=off uptime,level,tags

Environment Variables:
JAVA_HOME=C:\Program Files\Microsoft\jdk-11.0.16.101-hotspot
PATH=C:\Python312\Scripts\;C:\Python312\;C:\Program Files\dotnet\;C:\Program Files (x86)\dotnet\;C:\Program Files\Common Files\Oracle\Java\javapath;C:\Program Files (x86)\Common Files\Oracle\Java\javapath;C:\Program Files\Microsoft\jdk-11.0.16.101-hotspot\bin;C:\WINDOWS\system32;C:\WINDOWS;C:\WINDOWS\System32\Wbem;C:\WINDOWS\System32\WindowsPowerShell\v1.0\;C:\WINDOWS\System32\OpenSSH\;C:\Program Files\Microsoft SQL Server\150\Tools\Binn\;C:\Windows\System32;C:\xampp\php;C:\composer;C:\ProgramData\chocolatey\bin;C:\Program Files\Microsoft SQL Server\Client SDK\ODBC\170\Tools\Binn\;C:\Program Files (x86)\NVIDIA Corporation\PhysX\Common;C:\WINDOWS\system32;C:\WINDOWS;C:\WINDOWS\System32\Wbem;C:\WINDOWS\System32\WindowsPowerShell\v1.0\;C:\WINDOWS\System32\OpenSSH\;C:\PHP;C:\Program Files (x86)\Microsoft SQL Server\160\Tools\Binn\;C:\Program Files\Microsoft SQL Server\160\Tools\Binn\;C:\Program Files\Microsoft SQL Server\160\DTS\Binn\;C:\Program Files\Go\bin;C:\Download\platform-tools_r34.0.5-windows\platform-tools;C:\Download\platform-tools_r34.0.5-windows\platform-tools\fastboot.exe;C:\Program Files\nodejs\;C:\Program Files\Git\cmd;C:\Program Files\dotnet\;C:\Users\4kimo\.dotnet\tools;C:\Program Files (x86)\dotnet\;C:\Users\4kimo\.cargo\bin;C:\Users\4kimo\AppData\Local\Programs\Python\Python311\Scripts\;C:\Users\4kimo\AppData\Local\Programs\Python\Python311\;"C:\xampp\php;C:\Users\4kimo\AppData\Local\Programs\Python\Python311\Scripts\";C:\Users\4kimo\AppData\Local\Microsoft\WindowsApps;C:\Users\4kimo\AppData\Local\Programs\Microsoft VS Code\bin;C:\PyCharm Community Edition 2022.3.1\bin;;C:\Program Files\JetBrains\PyCharm 2023.1\bin;;C:\Program Files\JetBrains\PhpStorm 2023.1.3\bin;;C:\Users\4kimo\AppData\Roaming\Composer\vendor\bin;C:\Users\4kimo\AppData\Local\GitHubDesktop\bin;C:\Users\4kimo\go\bin;C:\Program Files\JetBrains\GoLand 2023.1.3\bin;;C:\Program Files\JetBrains\IntelliJ IDEA 2023.1.3\bin;;"C:\Users\4kimo\flutter\flutter\bin";C:\tools\dart-sdk\bin;C:\Users\4ki
USERNAME=Akimov
OS=Windows_NT
PROCESSOR_IDENTIFIER=Intel64 Family 6 Model 154 Stepping 4, GenuineIntel
TMP=C:\Users\4kimo\AppData\Local\Temp
TEMP=C:\Users\4kimo\AppData\Local\Temp



Periodic native trim disabled

JNI global refs:
JNI global refs: 0, weak refs: 0

JNI global refs memory usage: 0, weak refs: 0

Process memory usage:
Resident Set Size: 12320K (0% of 8085792K total physical memory with 342264K free physical memory)

OOME stack traces (most recent first):
Classloader memory used:


---------------  S Y S T E M  ---------------

OS:
 Windows 11 , 64 bit Build 22621 (10.0.22621.3958)
OS uptime: 9 days 18:56 hours
Hyper-V role detected

CPU: total 12 (initial active 12) (6 cores per cpu, 2 threads per core) family 6 model 154 stepping 4 microcode 0x41f, cx8, cmov, fxsr, ht, mmx, 3dnowpref, sse, sse2, sse3, ssse3, sse4.1, sse4.2, popcnt, lzcnt, tsc, tscinvbit, avx, avx2, aes, erms, clmul, bmi1, bmi2, adx, sha, fma, vzeroupper, clflush, clflushopt, clwb, hv
Processor Information for processor 0
  Max Mhz: 2500, Current Mhz: 2500, Mhz Limit: 2500
Processor Information for processor 1
  Max Mhz: 2500, Current Mhz: 2500, Mhz Limit: 2500
Processor Information for processor 2
  Max Mhz: 2500, Current Mhz: 2500, Mhz Limit: 2500
Processor Information for processor 3
  Max Mhz: 2500, Current Mhz: 2500, Mhz Limit: 2500
Processor Information for processor 4
  Max Mhz: 2500, Current Mhz: 1730, Mhz Limit: 1725
Processor Information for processor 5
  Max Mhz: 2500, Current Mhz: 1730, Mhz Limit: 1725
Processor Information for processor 6
  Max Mhz: 2500, Current Mhz: 1730, Mhz Limit: 1725
Processor Information for processor 7
  Max Mhz: 2500, Current Mhz: 1730, Mhz Limit: 1725
Processor Information for processor 8
  Max Mhz: 2500, Current Mhz: 1730, Mhz Limit: 1725
Processor Information for processor 9
  Max Mhz: 2500, Current Mhz: 1730, Mhz Limit: 1725
Processor Information for processor 10
  Max Mhz: 2500, Current Mhz: 1730, Mhz Limit: 1725
Processor Information for processor 11
  Max Mhz: 2500, Current Mhz: 1730, Mhz Limit: 1725

Memory: 4k page, system-wide physical 7896M (334M free)
TotalPageFile size 15896M (AvailPageFile size 89M)
current process WorkingSet (physical memory assigned to process): 12M, peak: 12M
current process commit charge ("private bytes"): 64M, peak: 188M

vm_info: OpenJDK 64-Bit Server VM (17.0.11+0--11852314) for windows-amd64 JRE (17.0.11+0--11852314), built on May 16 2024 21:29:20 by "androidbuild" with MS VC++ 16.10 / 16.11 (VS2019)

END.
