#
# There is insufficient memory for the Java Runtime Environment to continue.
# Native memory allocation (malloc) failed to allocate 200816 bytes. Error detail: Chunk::new
# Possible reasons:
#   The system is out of physical RAM or swap space
#   This process is running with CompressedOops enabled, and the Java Heap may be blocking the growth of the native heap
# Possible solutions:
#   Reduce memory load on the system
#   Increase physical memory or swap space
#   Check if swap backing store is full
#   Decrease Java heap size (-Xmx/-Xms)
#   Decrease number of Java threads
#   Decrease Java thread stack sizes (-Xss)
#   Set larger code cache with -XX:ReservedCodeCacheSize=
#   JVM is running with Unscaled Compressed Oops mode in which the Java heap is
#     placed in the first 4GB address space. The Java Heap base address is the
#     maximum limit for the native heap growth. Please use -XX:HeapBaseMinAddress
#     to set the Java Heap base and to place the Java Heap above 4GB virtual address.
# This output file may be truncated or incomplete.
#
#  Out of Memory Error (arena.cpp:191), pid=21356, tid=20176
#
# JRE version: OpenJDK Runtime Environment (17.0.11) (build 17.0.11+0--11852314)
# Java VM: OpenJDK 64-Bit Server VM (17.0.11+0--11852314, mixed mode, tiered, compressed oops, compressed class ptrs, g1 gc, windows-amd64)
# No core dump will be written. Minidumps are not enabled by default on client versions of Windows
#

---------------  S U M M A R Y ------------

Command Line: org.jetbrains.kotlin.cli.jvm.K2JVMCompiler @C:\ASProjects\Cart\app\build\20240929_10131412160204096618.compiler.options

Host: 12th Gen Intel(R) Core(TM) i5-1235U, 12 cores, 7G,  Windows 11 , 64 bit Build 22621 (10.0.22621.3958)
Time: Sun Sep 29 02:51:16 2024 RTZ 2 (s 11 , 64 bit Build 22621 (10.0.22621.3958) elapsed time: 1.098748 seconds (0d 0h 0m 1s)

---------------  T H R E A D  ---------------

Current thread (0x000001cb7e056430):  JavaThread "C2 CompilerThread0" daemon [_thread_in_native, id=20176, stack(0x000000a469b00000,0x000000a469c00000)]


Current CompileTask:
C2:   1098 1521  s!   4       jdk.internal.loader.URLClassPath::getLoader (194 bytes)

Stack: [0x000000a469b00000,0x000000a469c00000]
Native frames: (J=compiled Java code, j=interpreted, Vv=VM code, C=native code)
V  [jvm.dll+0x687bb9]
V  [jvm.dll+0x84142a]
V  [jvm.dll+0x8430ae]
V  [jvm.dll+0x843713]
V  [jvm.dll+0x24a35f]
V  [jvm.dll+0xac544]
V  [jvm.dll+0xacb8c]
V  [jvm.dll+0x2b194f]
V  [jvm.dll+0x58eba7]
V  [jvm.dll+0x2247e2]
V  [jvm.dll+0x21d6dd]
V  [jvm.dll+0x21b201]
V  [jvm.dll+0x1a63ed]
V  [jvm.dll+0x22b1ee]
V  [jvm.dll+0x229375]
V  [jvm.dll+0x7f5647]
V  [jvm.dll+0x7efa4a]
V  [jvm.dll+0x686a35]
C  [ucrtbase.dll+0x29333]
C  [KERNEL32.DLL+0x1257d]
C  [ntdll.dll+0x5af28]


---------------  P R O C E S S  ---------------

Threads class SMR info:
_java_thread_list=0x000001cb7e279f00, length=12, elements={
0x000001cb5db81510, 0x000001cb7e02d250, 0x000001cb7e02ded0, 0x000001cb7e03eb90,
0x000001cb7e03f550, 0x000001cb7e040cc0, 0x000001cb7e041e20, 0x000001cb7e056430,
0x000001cb7e058030, 0x000001cb7e05b470, 0x000001cb7e1e7420, 0x000001cb7e1f8000
}

Java Threads: ( => current thread )
  0x000001cb5db81510 JavaThread "main" [_thread_in_native, id=20440, stack(0x000000a468e00000,0x000000a468f00000)]
  0x000001cb7e02d250 JavaThread "Reference Handler" daemon [_thread_blocked, id=20520, stack(0x000000a469500000,0x000000a469600000)]
  0x000001cb7e02ded0 JavaThread "Finalizer" daemon [_thread_blocked, id=11848, stack(0x000000a469600000,0x000000a469700000)]
  0x000001cb7e03eb90 JavaThread "Signal Dispatcher" daemon [_thread_blocked, id=16880, stack(0x000000a469700000,0x000000a469800000)]
  0x000001cb7e03f550 JavaThread "Attach Listener" daemon [_thread_blocked, id=8080, stack(0x000000a469800000,0x000000a469900000)]
  0x000001cb7e040cc0 JavaThread "Service Thread" daemon [_thread_blocked, id=20028, stack(0x000000a469900000,0x000000a469a00000)]
  0x000001cb7e041e20 JavaThread "Monitor Deflation Thread" daemon [_thread_blocked, id=17668, stack(0x000000a469a00000,0x000000a469b00000)]
=>0x000001cb7e056430 JavaThread "C2 CompilerThread0" daemon [_thread_in_native, id=20176, stack(0x000000a469b00000,0x000000a469c00000)]
  0x000001cb7e058030 JavaThread "C1 CompilerThread0" daemon [_thread_blocked, id=14876, stack(0x000000a469c00000,0x000000a469d00000)]
  0x000001cb7e05b470 JavaThread "Sweeper thread" daemon [_thread_blocked, id=1596, stack(0x000000a469d00000,0x000000a469e00000)]
  0x000001cb7e1e7420 JavaThread "Notification Thread" daemon [_thread_blocked, id=17156, stack(0x000000a469e00000,0x000000a469f00000)]
  0x000001cb7e1f8000 JavaThread "Common-Cleaner" daemon [_thread_blocked, id=6652, stack(0x000000a46a000000,0x000000a46a100000)]

Other Threads:
  0x000001cb79b20ba0 VMThread "VM Thread" [stack: 0x000000a469400000,0x000000a469500000] [id=16680]
  0x000001cb7e1e7900 WatcherThread [stack: 0x000000a469f00000,0x000000a46a000000] [id=8928]
  0x000001cb5dbdc200 GCTaskThread "GC Thread#0" [stack: 0x000000a468f00000,0x000000a469000000] [id=1056]
  0x000001cb7e785b20 GCTaskThread "GC Thread#1" [stack: 0x000000a46a200000,0x000000a46a300000] [id=10628]
  0x000001cb7e791e10 GCTaskThread "GC Thread#2" [stack: 0x000000a46a300000,0x000000a46a400000] [id=18808]
  0x000001cb7e7920d0 GCTaskThread "GC Thread#3" [stack: 0x000000a46a400000,0x000000a46a500000] [id=18624]
  0x000001cb7e7ae350 GCTaskThread "GC Thread#4" [stack: 0x000000a46a500000,0x000000a46a600000] [id=4988]
  0x000001cb5dbec850 ConcurrentGCThread "G1 Main Marker" [stack: 0x000000a469000000,0x000000a469100000] [id=4904]
  0x000001cb5dbed270 ConcurrentGCThread "G1 Conc#0" [stack: 0x000000a469100000,0x000000a469200000] [id=18728]
  0x000001cb5dc2e8a0 ConcurrentGCThread "G1 Refine#0" [stack: 0x000000a469200000,0x000000a469300000] [id=13096]
  0x000001cb79974370 ConcurrentGCThread "G1 Service" [stack: 0x000000a469300000,0x000000a469400000] [id=15780]

Threads with active compile tasks:
C2 CompilerThread0     1124 1521  s!   4       jdk.internal.loader.URLClassPath::getLoader (194 bytes)

VM state: not at safepoint (normal execution)

VM Mutex/Monitor currently owned by a thread: None

Heap address: 0x0000000084800000, size: 1976 MB, Compressed Oops mode: 32-bit

CDS archive(s) not mapped
Compressed class space mapped at: 0x0000000100000000-0x0000000140000000, reserved size: 1073741824
Narrow klass base: 0x0000000000000000, Narrow klass shift: 3, Narrow klass range: 0x140000000

GC Precious Log:
 CPUs: 12 total, 12 available
 Memory: 7896M
 Large Page Support: Disabled
 NUMA Support: Disabled
 Compressed Oops: Enabled (32-bit)
 Heap Region Size: 1M
 Heap Min Capacity: 8M
 Heap Initial Capacity: 124M
 Heap Max Capacity: 1976M
 Pre-touch: Disabled
 Parallel Workers: 10
 Concurrent Workers: 3
 Concurrent Refinement Workers: 10
 Periodic GC: Disabled

Heap:
 garbage-first heap   total 126976K, used 38794K [0x0000000084800000, 0x0000000100000000)
  region size 1024K, 35 young (35840K), 3 survivors (3072K)
 Metaspace       used 21259K, committed 21440K, reserved 1114112K
  class space    used 2326K, committed 2432K, reserved 1048576K

Heap Regions: E=young(eden), S=young(survivor), O=old, HS=humongous(starts), HC=humongous(continues), CS=collection set, F=free, OA=open archive, CA=closed archive, TAMS=top-at-mark-start (previous, next)
|   0|0x0000000084800000, 0x0000000084900000, 0x0000000084900000|100%|HS|  |TAMS 0x0000000084800000, 0x0000000084800000| Complete 
|   1|0x0000000084900000, 0x0000000084a00000, 0x0000000084a00000|100%|HC|  |TAMS 0x0000000084900000, 0x0000000084900000| Complete 
|   2|0x0000000084a00000, 0x0000000084b00000, 0x0000000084b00000|100%|HC|  |TAMS 0x0000000084a00000, 0x0000000084a00000| Complete 
|   3|0x0000000084b00000, 0x0000000084c00000, 0x0000000084c00000|100%|HC|  |TAMS 0x0000000084b00000, 0x0000000084b00000| Complete 
|   4|0x0000000084c00000, 0x0000000084c00000, 0x0000000084d00000|  0%| F|  |TAMS 0x0000000084c00000, 0x0000000084c00000| Untracked 
|   5|0x0000000084d00000, 0x0000000084d00000, 0x0000000084e00000|  0%| F|  |TAMS 0x0000000084d00000, 0x0000000084d00000| Untracked 
|   6|0x0000000084e00000, 0x0000000084e00000, 0x0000000084f00000|  0%| F|  |TAMS 0x0000000084e00000, 0x0000000084e00000| Untracked 
|   7|0x0000000084f00000, 0x0000000084f00000, 0x0000000085000000|  0%| F|  |TAMS 0x0000000084f00000, 0x0000000084f00000| Untracked 
|   8|0x0000000085000000, 0x0000000085000000, 0x0000000085100000|  0%| F|  |TAMS 0x0000000085000000, 0x0000000085000000| Untracked 
|   9|0x0000000085100000, 0x0000000085100000, 0x0000000085200000|  0%| F|  |TAMS 0x0000000085100000, 0x0000000085100000| Untracked 
|  10|0x0000000085200000, 0x0000000085200000, 0x0000000085300000|  0%| F|  |TAMS 0x0000000085200000, 0x0000000085200000| Untracked 
|  11|0x0000000085300000, 0x0000000085300000, 0x0000000085400000|  0%| F|  |TAMS 0x0000000085300000, 0x0000000085300000| Untracked 
|  12|0x0000000085400000, 0x0000000085400000, 0x0000000085500000|  0%| F|  |TAMS 0x0000000085400000, 0x0000000085400000| Untracked 
|  13|0x0000000085500000, 0x0000000085500000, 0x0000000085600000|  0%| F|  |TAMS 0x0000000085500000, 0x0000000085500000| Untracked 
|  14|0x0000000085600000, 0x0000000085600000, 0x0000000085700000|  0%| F|  |TAMS 0x0000000085600000, 0x0000000085600000| Untracked 
|  15|0x0000000085700000, 0x0000000085700000, 0x0000000085800000|  0%| F|  |TAMS 0x0000000085700000, 0x0000000085700000| Untracked 
|  16|0x0000000085800000, 0x0000000085800000, 0x0000000085900000|  0%| F|  |TAMS 0x0000000085800000, 0x0000000085800000| Untracked 
|  17|0x0000000085900000, 0x0000000085900000, 0x0000000085a00000|  0%| F|  |TAMS 0x0000000085900000, 0x0000000085900000| Untracked 
|  18|0x0000000085a00000, 0x0000000085a00000, 0x0000000085b00000|  0%| F|  |TAMS 0x0000000085a00000, 0x0000000085a00000| Untracked 
|  19|0x0000000085b00000, 0x0000000085b00000, 0x0000000085c00000|  0%| F|  |TAMS 0x0000000085b00000, 0x0000000085b00000| Untracked 
|  20|0x0000000085c00000, 0x0000000085c00000, 0x0000000085d00000|  0%| F|  |TAMS 0x0000000085c00000, 0x0000000085c00000| Untracked 
|  21|0x0000000085d00000, 0x0000000085d00000, 0x0000000085e00000|  0%| F|  |TAMS 0x0000000085d00000, 0x0000000085d00000| Untracked 
|  22|0x0000000085e00000, 0x0000000085e00000, 0x0000000085f00000|  0%| F|  |TAMS 0x0000000085e00000, 0x0000000085e00000| Untracked 
|  23|0x0000000085f00000, 0x0000000085f00000, 0x0000000086000000|  0%| F|  |TAMS 0x0000000085f00000, 0x0000000085f00000| Untracked 
|  24|0x0000000086000000, 0x0000000086000000, 0x0000000086100000|  0%| F|  |TAMS 0x0000000086000000, 0x0000000086000000| Untracked 
|  25|0x0000000086100000, 0x0000000086100000, 0x0000000086200000|  0%| F|  |TAMS 0x0000000086100000, 0x0000000086100000| Untracked 
|  26|0x0000000086200000, 0x0000000086200000, 0x0000000086300000|  0%| F|  |TAMS 0x0000000086200000, 0x0000000086200000| Untracked 
|  27|0x0000000086300000, 0x0000000086300000, 0x0000000086400000|  0%| F|  |TAMS 0x0000000086300000, 0x0000000086300000| Untracked 
|  28|0x0000000086400000, 0x0000000086400000, 0x0000000086500000|  0%| F|  |TAMS 0x0000000086400000, 0x0000000086400000| Untracked 
|  29|0x0000000086500000, 0x0000000086500000, 0x0000000086600000|  0%| F|  |TAMS 0x0000000086500000, 0x0000000086500000| Untracked 
|  30|0x0000000086600000, 0x0000000086600000, 0x0000000086700000|  0%| F|  |TAMS 0x0000000086600000, 0x0000000086600000| Untracked 
|  31|0x0000000086700000, 0x0000000086700000, 0x0000000086800000|  0%| F|  |TAMS 0x0000000086700000, 0x0000000086700000| Untracked 
|  32|0x0000000086800000, 0x0000000086800000, 0x0000000086900000|  0%| F|  |TAMS 0x0000000086800000, 0x0000000086800000| Untracked 
|  33|0x0000000086900000, 0x0000000086900000, 0x0000000086a00000|  0%| F|  |TAMS 0x0000000086900000, 0x0000000086900000| Untracked 
|  34|0x0000000086a00000, 0x0000000086a00000, 0x0000000086b00000|  0%| F|  |TAMS 0x0000000086a00000, 0x0000000086a00000| Untracked 
|  35|0x0000000086b00000, 0x0000000086b00000, 0x0000000086c00000|  0%| F|  |TAMS 0x0000000086b00000, 0x0000000086b00000| Untracked 
|  36|0x0000000086c00000, 0x0000000086c00000, 0x0000000086d00000|  0%| F|  |TAMS 0x0000000086c00000, 0x0000000086c00000| Untracked 
|  37|0x0000000086d00000, 0x0000000086d00000, 0x0000000086e00000|  0%| F|  |TAMS 0x0000000086d00000, 0x0000000086d00000| Untracked 
|  38|0x0000000086e00000, 0x0000000086e00000, 0x0000000086f00000|  0%| F|  |TAMS 0x0000000086e00000, 0x0000000086e00000| Untracked 
|  39|0x0000000086f00000, 0x0000000086f00000, 0x0000000087000000|  0%| F|  |TAMS 0x0000000086f00000, 0x0000000086f00000| Untracked 
|  40|0x0000000087000000, 0x0000000087000000, 0x0000000087100000|  0%| F|  |TAMS 0x0000000087000000, 0x0000000087000000| Untracked 
|  41|0x0000000087100000, 0x0000000087100000, 0x0000000087200000|  0%| F|  |TAMS 0x0000000087100000, 0x0000000087100000| Untracked 
|  42|0x0000000087200000, 0x0000000087200000, 0x0000000087300000|  0%| F|  |TAMS 0x0000000087200000, 0x0000000087200000| Untracked 
|  43|0x0000000087300000, 0x0000000087300000, 0x0000000087400000|  0%| F|  |TAMS 0x0000000087300000, 0x0000000087300000| Untracked 
|  44|0x0000000087400000, 0x0000000087400000, 0x0000000087500000|  0%| F|  |TAMS 0x0000000087400000, 0x0000000087400000| Untracked 
|  45|0x0000000087500000, 0x0000000087500000, 0x0000000087600000|  0%| F|  |TAMS 0x0000000087500000, 0x0000000087500000| Untracked 
|  46|0x0000000087600000, 0x0000000087600000, 0x0000000087700000|  0%| F|  |TAMS 0x0000000087600000, 0x0000000087600000| Untracked 
|  47|0x0000000087700000, 0x0000000087700000, 0x0000000087800000|  0%| F|  |TAMS 0x0000000087700000, 0x0000000087700000| Untracked 
|  48|0x0000000087800000, 0x0000000087800000, 0x0000000087900000|  0%| F|  |TAMS 0x0000000087800000, 0x0000000087800000| Untracked 
|  49|0x0000000087900000, 0x0000000087900000, 0x0000000087a00000|  0%| F|  |TAMS 0x0000000087900000, 0x0000000087900000| Untracked 
|  50|0x0000000087a00000, 0x0000000087a00000, 0x0000000087b00000|  0%| F|  |TAMS 0x0000000087a00000, 0x0000000087a00000| Untracked 
|  51|0x0000000087b00000, 0x0000000087b00000, 0x0000000087c00000|  0%| F|  |TAMS 0x0000000087b00000, 0x0000000087b00000| Untracked 
|  52|0x0000000087c00000, 0x0000000087c00000, 0x0000000087d00000|  0%| F|  |TAMS 0x0000000087c00000, 0x0000000087c00000| Untracked 
|  53|0x0000000087d00000, 0x0000000087d00000, 0x0000000087e00000|  0%| F|  |TAMS 0x0000000087d00000, 0x0000000087d00000| Untracked 
|  54|0x0000000087e00000, 0x0000000087e00000, 0x0000000087f00000|  0%| F|  |TAMS 0x0000000087e00000, 0x0000000087e00000| Untracked 
|  55|0x0000000087f00000, 0x0000000087f00000, 0x0000000088000000|  0%| F|  |TAMS 0x0000000087f00000, 0x0000000087f00000| Untracked 
|  56|0x0000000088000000, 0x0000000088000000, 0x0000000088100000|  0%| F|  |TAMS 0x0000000088000000, 0x0000000088000000| Untracked 
|  57|0x0000000088100000, 0x0000000088100000, 0x0000000088200000|  0%| F|  |TAMS 0x0000000088100000, 0x0000000088100000| Untracked 
|  58|0x0000000088200000, 0x0000000088200000, 0x0000000088300000|  0%| F|  |TAMS 0x0000000088200000, 0x0000000088200000| Untracked 
|  59|0x0000000088300000, 0x0000000088300000, 0x0000000088400000|  0%| F|  |TAMS 0x0000000088300000, 0x0000000088300000| Untracked 
|  60|0x0000000088400000, 0x0000000088400000, 0x0000000088500000|  0%| F|  |TAMS 0x0000000088400000, 0x0000000088400000| Untracked 
|  61|0x0000000088500000, 0x0000000088500000, 0x0000000088600000|  0%| F|  |TAMS 0x0000000088500000, 0x0000000088500000| Untracked 
|  62|0x0000000088600000, 0x0000000088600000, 0x0000000088700000|  0%| F|  |TAMS 0x0000000088600000, 0x0000000088600000| Untracked 
|  63|0x0000000088700000, 0x0000000088700000, 0x0000000088800000|  0%| F|  |TAMS 0x0000000088700000, 0x0000000088700000| Untracked 
|  64|0x0000000088800000, 0x0000000088800000, 0x0000000088900000|  0%| F|  |TAMS 0x0000000088800000, 0x0000000088800000| Untracked 
|  65|0x0000000088900000, 0x0000000088900000, 0x0000000088a00000|  0%| F|  |TAMS 0x0000000088900000, 0x0000000088900000| Untracked 
|  66|0x0000000088a00000, 0x0000000088a00000, 0x0000000088b00000|  0%| F|  |TAMS 0x0000000088a00000, 0x0000000088a00000| Untracked 
|  67|0x0000000088b00000, 0x0000000088b00000, 0x0000000088c00000|  0%| F|  |TAMS 0x0000000088b00000, 0x0000000088b00000| Untracked 
|  68|0x0000000088c00000, 0x0000000088c00000, 0x0000000088d00000|  0%| F|  |TAMS 0x0000000088c00000, 0x0000000088c00000| Untracked 
|  69|0x0000000088d00000, 0x0000000088d00000, 0x0000000088e00000|  0%| F|  |TAMS 0x0000000088d00000, 0x0000000088d00000| Untracked 
|  70|0x0000000088e00000, 0x0000000088e00000, 0x0000000088f00000|  0%| F|  |TAMS 0x0000000088e00000, 0x0000000088e00000| Untracked 
|  71|0x0000000088f00000, 0x0000000088f00000, 0x0000000089000000|  0%| F|  |TAMS 0x0000000088f00000, 0x0000000088f00000| Untracked 
|  72|0x0000000089000000, 0x0000000089000000, 0x0000000089100000|  0%| F|  |TAMS 0x0000000089000000, 0x0000000089000000| Untracked 
|  73|0x0000000089100000, 0x0000000089100000, 0x0000000089200000|  0%| F|  |TAMS 0x0000000089100000, 0x0000000089100000| Untracked 
|  74|0x0000000089200000, 0x0000000089200000, 0x0000000089300000|  0%| F|  |TAMS 0x0000000089200000, 0x0000000089200000| Untracked 
|  75|0x0000000089300000, 0x0000000089300000, 0x0000000089400000|  0%| F|  |TAMS 0x0000000089300000, 0x0000000089300000| Untracked 
|  76|0x0000000089400000, 0x0000000089400000, 0x0000000089500000|  0%| F|  |TAMS 0x0000000089400000, 0x0000000089400000| Untracked 
|  77|0x0000000089500000, 0x0000000089500000, 0x0000000089600000|  0%| F|  |TAMS 0x0000000089500000, 0x0000000089500000| Untracked 
|  78|0x0000000089600000, 0x0000000089600000, 0x0000000089700000|  0%| F|  |TAMS 0x0000000089600000, 0x0000000089600000| Untracked 
|  79|0x0000000089700000, 0x0000000089700000, 0x0000000089800000|  0%| F|  |TAMS 0x0000000089700000, 0x0000000089700000| Untracked 
|  80|0x0000000089800000, 0x0000000089800000, 0x0000000089900000|  0%| F|  |TAMS 0x0000000089800000, 0x0000000089800000| Untracked 
|  81|0x0000000089900000, 0x0000000089900000, 0x0000000089a00000|  0%| F|  |TAMS 0x0000000089900000, 0x0000000089900000| Untracked 
|  82|0x0000000089a00000, 0x0000000089a00000, 0x0000000089b00000|  0%| F|  |TAMS 0x0000000089a00000, 0x0000000089a00000| Untracked 
|  83|0x0000000089b00000, 0x0000000089b00000, 0x0000000089c00000|  0%| F|  |TAMS 0x0000000089b00000, 0x0000000089b00000| Untracked 
|  84|0x0000000089c00000, 0x0000000089c00000, 0x0000000089d00000|  0%| F|  |TAMS 0x0000000089c00000, 0x0000000089c00000| Untracked 
|  85|0x0000000089d00000, 0x0000000089d00000, 0x0000000089e00000|  0%| F|  |TAMS 0x0000000089d00000, 0x0000000089d00000| Untracked 
|  86|0x0000000089e00000, 0x0000000089e00000, 0x0000000089f00000|  0%| F|  |TAMS 0x0000000089e00000, 0x0000000089e00000| Untracked 
|  87|0x0000000089f00000, 0x0000000089f00000, 0x000000008a000000|  0%| F|  |TAMS 0x0000000089f00000, 0x0000000089f00000| Untracked 
|  88|0x000000008a000000, 0x000000008a000000, 0x000000008a100000|  0%| F|  |TAMS 0x000000008a000000, 0x000000008a000000| Untracked 
|  89|0x000000008a100000, 0x000000008a180800, 0x000000008a200000| 50%| E|  |TAMS 0x000000008a100000, 0x000000008a100000| Complete 
|  90|0x000000008a200000, 0x000000008a300000, 0x000000008a300000|100%| E|CS|TAMS 0x000000008a200000, 0x000000008a200000| Complete 
|  91|0x000000008a300000, 0x000000008a400000, 0x000000008a400000|100%| E|CS|TAMS 0x000000008a300000, 0x000000008a300000| Complete 
|  92|0x000000008a400000, 0x000000008a500000, 0x000000008a500000|100%| E|CS|TAMS 0x000000008a400000, 0x000000008a400000| Complete 
|  93|0x000000008a500000, 0x000000008a600000, 0x000000008a600000|100%| E|CS|TAMS 0x000000008a500000, 0x000000008a500000| Complete 
|  94|0x000000008a600000, 0x000000008a700000, 0x000000008a700000|100%| E|CS|TAMS 0x000000008a600000, 0x000000008a600000| Complete 
|  95|0x000000008a700000, 0x000000008a800000, 0x000000008a800000|100%| E|CS|TAMS 0x000000008a700000, 0x000000008a700000| Complete 
|  96|0x000000008a800000, 0x000000008a900000, 0x000000008a900000|100%| E|CS|TAMS 0x000000008a800000, 0x000000008a800000| Complete 
|  97|0x000000008a900000, 0x000000008aa00000, 0x000000008aa00000|100%| E|CS|TAMS 0x000000008a900000, 0x000000008a900000| Complete 
|  98|0x000000008aa00000, 0x000000008aae2820, 0x000000008ab00000| 88%| S|CS|TAMS 0x000000008aa00000, 0x000000008aa00000| Complete 
|  99|0x000000008ab00000, 0x000000008ac00000, 0x000000008ac00000|100%| S|CS|TAMS 0x000000008ab00000, 0x000000008ab00000| Complete 
| 100|0x000000008ac00000, 0x000000008ad00000, 0x000000008ad00000|100%| S|CS|TAMS 0x000000008ac00000, 0x000000008ac00000| Complete 
| 101|0x000000008ad00000, 0x000000008ae00000, 0x000000008ae00000|100%| E|CS|TAMS 0x000000008ad00000, 0x000000008ad00000| Complete 
| 102|0x000000008ae00000, 0x000000008af00000, 0x000000008af00000|100%| E|CS|TAMS 0x000000008ae00000, 0x000000008ae00000| Complete 
| 103|0x000000008af00000, 0x000000008b000000, 0x000000008b000000|100%| E|CS|TAMS 0x000000008af00000, 0x000000008af00000| Complete 
| 104|0x000000008b000000, 0x000000008b100000, 0x000000008b100000|100%| E|CS|TAMS 0x000000008b000000, 0x000000008b000000| Complete 
| 105|0x000000008b100000, 0x000000008b200000, 0x000000008b200000|100%| E|CS|TAMS 0x000000008b100000, 0x000000008b100000| Complete 
| 106|0x000000008b200000, 0x000000008b300000, 0x000000008b300000|100%| E|CS|TAMS 0x000000008b200000, 0x000000008b200000| Complete 
| 107|0x000000008b300000, 0x000000008b400000, 0x000000008b400000|100%| E|CS|TAMS 0x000000008b300000, 0x000000008b300000| Complete 
| 108|0x000000008b400000, 0x000000008b500000, 0x000000008b500000|100%| E|CS|TAMS 0x000000008b400000, 0x000000008b400000| Complete 
| 109|0x000000008b500000, 0x000000008b600000, 0x000000008b600000|100%| E|CS|TAMS 0x000000008b500000, 0x000000008b500000| Complete 
| 110|0x000000008b600000, 0x000000008b700000, 0x000000008b700000|100%| E|CS|TAMS 0x000000008b600000, 0x000000008b600000| Complete 
| 111|0x000000008b700000, 0x000000008b800000, 0x000000008b800000|100%| E|CS|TAMS 0x000000008b700000, 0x000000008b700000| Complete 
| 112|0x000000008b800000, 0x000000008b900000, 0x000000008b900000|100%| E|CS|TAMS 0x000000008b800000, 0x000000008b800000| Complete 
| 113|0x000000008b900000, 0x000000008ba00000, 0x000000008ba00000|100%| E|CS|TAMS 0x000000008b900000, 0x000000008b900000| Complete 
| 114|0x000000008ba00000, 0x000000008bb00000, 0x000000008bb00000|100%| E|CS|TAMS 0x000000008ba00000, 0x000000008ba00000| Complete 
| 115|0x000000008bb00000, 0x000000008bc00000, 0x000000008bc00000|100%| E|CS|TAMS 0x000000008bb00000, 0x000000008bb00000| Complete 
| 116|0x000000008bc00000, 0x000000008bd00000, 0x000000008bd00000|100%| E|CS|TAMS 0x000000008bc00000, 0x000000008bc00000| Complete 
| 117|0x000000008bd00000, 0x000000008be00000, 0x000000008be00000|100%| E|CS|TAMS 0x000000008bd00000, 0x000000008bd00000| Complete 
| 118|0x000000008be00000, 0x000000008bf00000, 0x000000008bf00000|100%| E|CS|TAMS 0x000000008be00000, 0x000000008be00000| Complete 
| 119|0x000000008bf00000, 0x000000008c000000, 0x000000008c000000|100%| E|CS|TAMS 0x000000008bf00000, 0x000000008bf00000| Complete 
| 120|0x000000008c000000, 0x000000008c100000, 0x000000008c100000|100%| E|CS|TAMS 0x000000008c000000, 0x000000008c000000| Complete 
| 121|0x000000008c100000, 0x000000008c200000, 0x000000008c200000|100%| E|CS|TAMS 0x000000008c100000, 0x000000008c100000| Complete 
| 122|0x000000008c200000, 0x000000008c300000, 0x000000008c300000|100%| E|CS|TAMS 0x000000008c200000, 0x000000008c200000| Complete 
| 123|0x000000008c300000, 0x000000008c400000, 0x000000008c400000|100%| E|CS|TAMS 0x000000008c300000, 0x000000008c300000| Complete 

Card table byte_map: [0x000001cb72890000,0x000001cb72c70000] _byte_map_base: 0x000001cb7246c000

Marking Bits (Prev, Next): (CMBitMap*) 0x000001cb5dbdc820, (CMBitMap*) 0x000001cb5dbdc860
 Prev Bits: [0x000001cb73050000, 0x000001cb74f30000)
 Next Bits: [0x000001cb74f30000, 0x000001cb76e10000)

Polling page: 0x000001cb5dc30000

Metaspace:

Usage:
  Non-class:     18.51 MB used.
      Class:      2.28 MB used.
       Both:     20.79 MB used.

Virtual space:
  Non-class space:       64.00 MB reserved,      18.56 MB ( 29%) committed,  1 nodes.
      Class space:        1.00 GB reserved,       2.38 MB ( <1%) committed,  1 nodes.
             Both:        1.06 GB reserved,      20.94 MB (  2%) committed. 

Chunk freelists:
   Non-Class:  13.00 MB
       Class:  13.54 MB
        Both:  26.54 MB

MaxMetaspaceSize: unlimited
CompressedClassSpaceSize: 1.00 GB
Initial GC threshold: 21.00 MB
Current GC threshold: 21.00 MB
CDS: off
MetaspaceReclaimPolicy: balanced
 - commit_granule_bytes: 65536.
 - commit_granule_words: 8192.
 - virtual_space_node_default_size: 8388608.
 - enlarge_chunks_in_place: 1.
 - new_chunks_are_fully_committed: 0.
 - uncommit_free_chunks: 1.
 - use_allocation_guard: 0.
 - handle_deallocations: 1.


Internal statistics:

num_allocs_failed_limit: 0.
num_arena_births: 60.
num_arena_deaths: 0.
num_vsnodes_births: 2.
num_vsnodes_deaths: 0.
num_space_committed: 335.
num_space_uncommitted: 0.
num_chunks_returned_to_freelist: 0.
num_chunks_taken_from_freelist: 519.
num_chunk_merges: 0.
num_chunk_splits: 423.
num_chunks_enlarged: 378.
num_inconsistent_stats: 0.

CodeHeap 'non-profiled nmethods': size=120000Kb used=525Kb max_used=525Kb free=119474Kb
 bounds [0x000001cb6a300000, 0x000001cb6a570000, 0x000001cb71830000]
CodeHeap 'profiled nmethods': size=120000Kb used=2902Kb max_used=2902Kb free=117098Kb
 bounds [0x000001cb62830000, 0x000001cb62b10000, 0x000001cb69d60000]
CodeHeap 'non-nmethods': size=5760Kb used=1191Kb max_used=1218Kb free=4568Kb
 bounds [0x000001cb69d60000, 0x000001cb69fd0000, 0x000001cb6a300000]
 total_blobs=2054 nmethods=1567 adapters=400
 compilation: enabled
              stopped_count=0, restarted_count=0
 full_count=0

Compilation events (20 events):
Event: 0.735 Thread 0x000001cb7e058030 nmethod 1509 0x000001cb62aebe10 code [0x000001cb62aec1c0, 0x000001cb62aed848]
Event: 0.739 Thread 0x000001cb7e058030 1510       3       java.lang.StringBuilder::append (10 bytes)
Event: 0.739 Thread 0x000001cb7e058030 nmethod 1510 0x000001cb62aee510 code [0x000001cb62aee6a0, 0x000001cb62aee7e8]
Event: 0.739 Thread 0x000001cb7e058030 1512       3       java.nio.Buffer::limit (65 bytes)
Event: 0.739 Thread 0x000001cb7e058030 nmethod 1512 0x000001cb62aee890 code [0x000001cb62aeea40, 0x000001cb62aeed08]
Event: 0.739 Thread 0x000001cb7e058030 1511       3       java.lang.AbstractStringBuilder::append (63 bytes)
Event: 0.739 Thread 0x000001cb7e058030 nmethod 1511 0x000001cb62aeee10 code [0x000001cb62aef000, 0x000001cb62aef548]
Event: 0.740 Thread 0x000001cb7e058030 1513       3       java.util.regex.Pattern::isSupplementary (21 bytes)
Event: 0.741 Thread 0x000001cb7e058030 nmethod 1513 0x000001cb62aef690 code [0x000001cb62aef840, 0x000001cb62aefab8]
Event: 0.741 Thread 0x000001cb7e058030 1514       3       java.lang.Character::isSurrogate (18 bytes)
Event: 0.741 Thread 0x000001cb7e058030 nmethod 1514 0x000001cb62aefb90 code [0x000001cb62aefd20, 0x000001cb62aefeb8]
Event: 0.747 Thread 0x000001cb7e058030 1517       1       java.lang.ClassLoader::getUnnamedModule (5 bytes)
Event: 0.747 Thread 0x000001cb7e058030 nmethod 1517 0x000001cb6a381190 code [0x000001cb6a381320, 0x000001cb6a3813f8]
Event: 0.748 Thread 0x000001cb7e058030 1518       3       java.io.WinNTFileSystem::normalize (143 bytes)
Event: 0.749 Thread 0x000001cb7e058030 nmethod 1518 0x000001cb62aeff90 code [0x000001cb62af0220, 0x000001cb62af0df8]
Event: 0.749 Thread 0x000001cb7e058030 1520       3       java.util.LinkedHashMap::afterNodeAccess (116 bytes)
Event: 0.749 Thread 0x000001cb7e058030 nmethod 1520 0x000001cb62af1290 code [0x000001cb62af1460, 0x000001cb62af1a98]
Event: 0.749 Thread 0x000001cb7e058030 1519       1       org.jetbrains.kotlin.com.intellij.openapi.util.Key::hashCode (5 bytes)
Event: 0.749 Thread 0x000001cb7e058030 nmethod 1519 0x000001cb6a381490 code [0x000001cb6a381620, 0x000001cb6a3816f8]
Event: 0.795 Thread 0x000001cb7e056430 1521  s!   4       jdk.internal.loader.URLClassPath::getLoader (194 bytes)

GC Heap History (2 events):
Event: 0.406 GC heap before
{Heap before GC invocations=0 (full 0):
 garbage-first heap   total 126976K, used 27648K [0x0000000084800000, 0x0000000100000000)
  region size 1024K, 23 young (23552K), 0 survivors (0K)
 Metaspace       used 13395K, committed 13504K, reserved 1114112K
  class space    used 1294K, committed 1344K, reserved 1048576K
}
Event: 0.409 GC heap after
{Heap after GC invocations=1 (full 0):
 garbage-first heap   total 126976K, used 7050K [0x0000000084800000, 0x0000000100000000)
  region size 1024K, 3 young (3072K), 3 survivors (3072K)
 Metaspace       used 13395K, committed 13504K, reserved 1114112K
  class space    used 1294K, committed 1344K, reserved 1048576K
}

Dll operation events (1 events):
Event: 0.007 Loaded shared library C:\Program Files\Android\Android Studio\jbr\bin\java.dll

Deoptimization events (20 events):
Event: 0.457 Thread 0x000001cb5db81510 DEOPT PACKING pc=0x000001cb6a32831c sp=0x000000a468efc2c0
Event: 0.457 Thread 0x000001cb5db81510 DEOPT UNPACKING pc=0x000001cb69db69a3 sp=0x000000a468efc248 mode 2
Event: 0.586 Thread 0x000001cb5db81510 DEOPT PACKING pc=0x000001cb62a77b34 sp=0x000000a468efdea0
Event: 0.586 Thread 0x000001cb5db81510 DEOPT UNPACKING pc=0x000001cb69db7143 sp=0x000000a468efd470 mode 0
Event: 0.615 Thread 0x000001cb5db81510 Uncommon trap: trap_request=0xffffff45 fr.pc=0x000001cb6a345864 relative=0x00000000000000c4
Event: 0.615 Thread 0x000001cb5db81510 Uncommon trap: reason=unstable_if action=reinterpret pc=0x000001cb6a345864 method=java.lang.Integer.valueOf(I)Ljava/lang/Integer; @ 3 c2
Event: 0.615 Thread 0x000001cb5db81510 DEOPT PACKING pc=0x000001cb6a345864 sp=0x000000a468efc9a0
Event: 0.615 Thread 0x000001cb5db81510 DEOPT UNPACKING pc=0x000001cb69db69a3 sp=0x000000a468efc938 mode 2
Event: 0.631 Thread 0x000001cb5db81510 Uncommon trap: trap_request=0xffffff6e fr.pc=0x000001cb6a30e244 relative=0x0000000000000144
Event: 0.631 Thread 0x000001cb5db81510 Uncommon trap: reason=loop_limit_check action=maybe_recompile pc=0x000001cb6a30e244 method=java.lang.StringLatin1.lastIndexOf([BII)I @ 19 c2
Event: 0.631 Thread 0x000001cb5db81510 DEOPT PACKING pc=0x000001cb6a30e244 sp=0x000000a468efd500
Event: 0.631 Thread 0x000001cb5db81510 DEOPT UNPACKING pc=0x000001cb69db69a3 sp=0x000000a468efd480 mode 2
Event: 0.736 Thread 0x000001cb5db81510 Uncommon trap: trap_request=0xffffff54 fr.pc=0x000001cb6a376454 relative=0x0000000000000294
Event: 0.736 Thread 0x000001cb5db81510 Uncommon trap: reason=speculate_null_assert action=make_not_entrant pc=0x000001cb6a376454 method=jdk.internal.loader.URLClassPath.getLoader(I)Ljdk/internal/loader/URLClassPath$Loader; @ 41 c2
Event: 0.736 Thread 0x000001cb5db81510 DEOPT PACKING pc=0x000001cb6a376454 sp=0x000000a468efdb80
Event: 0.736 Thread 0x000001cb5db81510 DEOPT UNPACKING pc=0x000001cb69db69a3 sp=0x000000a468efdb20 mode 2
Event: 0.736 Thread 0x000001cb5db81510 Uncommon trap: trap_request=0xffffff45 fr.pc=0x000001cb6a375edc relative=0x000000000000005c
Event: 0.736 Thread 0x000001cb5db81510 Uncommon trap: reason=unstable_if action=reinterpret pc=0x000001cb6a375edc method=jdk.internal.loader.URLClassPath$JarLoader.ensureOpen()V @ 4 c2
Event: 0.736 Thread 0x000001cb5db81510 DEOPT PACKING pc=0x000001cb6a375edc sp=0x000000a468efd850
Event: 0.736 Thread 0x000001cb5db81510 DEOPT UNPACKING pc=0x000001cb69db69a3 sp=0x000000a468efd7e8 mode 2

Classes unloaded (0 events):
No events

Classes redefined (0 events):
No events

Internal exceptions (3 events):
Event: 0.564 Thread 0x000001cb5db81510 Exception <a 'java/lang/NoSuchMethodError'{0x000000008b6c6490}: 'java.lang.Object java.lang.invoke.DirectMethodHandle$Holder.newInvokeSpecial(java.lang.Object, java.lang.Object, java.lang.Object, java.lang.Object, java.lang.Object)'> (0x000000008b6c6490) 
thrown [s\src\hotspot\share\interpreter\linkResolver.cpp, line 771]
Event: 0.655 Thread 0x000001cb5db81510 Exception <a 'java/lang/NoSuchMethodError'{0x000000008afde388}: 'int java.lang.invoke.DirectMethodHandle$Holder.invokeVirtual(java.lang.Object, java.lang.Object, java.lang.Object)'> (0x000000008afde388) 
thrown [s\src\hotspot\share\interpreter\linkResolver.cpp, line 771]
Event: 0.661 Thread 0x000001cb5db81510 Exception <a 'java/lang/NoSuchMethodError'{0x000000008ae5bd80}: 'java.lang.Object java.lang.invoke.DirectMethodHandle$Holder.invokeStaticInit(java.lang.Object)'> (0x000000008ae5bd80) 
thrown [s\src\hotspot\share\interpreter\linkResolver.cpp, line 771]

VM Operations (16 events):
Event: 0.088 Executing VM operation: HandshakeAllThreads
Event: 0.088 Executing VM operation: HandshakeAllThreads done
Event: 0.283 Executing VM operation: HandshakeAllThreads
Event: 0.283 Executing VM operation: HandshakeAllThreads done
Event: 0.406 Executing VM operation: G1CollectForAllocation
Event: 0.409 Executing VM operation: G1CollectForAllocation done
Event: 0.448 Executing VM operation: HandshakeAllThreads
Event: 0.448 Executing VM operation: HandshakeAllThreads done
Event: 0.535 Executing VM operation: ICBufferFull
Event: 0.535 Executing VM operation: ICBufferFull done
Event: 0.586 Executing VM operation: HandshakeAllThreads
Event: 0.586 Executing VM operation: HandshakeAllThreads done
Event: 0.629 Executing VM operation: HandshakeAllThreads
Event: 0.629 Executing VM operation: HandshakeAllThreads done
Event: 0.660 Executing VM operation: HandshakeAllThreads
Event: 0.660 Executing VM operation: HandshakeAllThreads done

Events (20 events):
Event: 0.731 loading class java/io/IOError
Event: 0.731 loading class java/io/IOError done
Event: 0.731 loading class sun/nio/fs/WindowsUriSupport
Event: 0.731 loading class sun/nio/fs/WindowsUriSupport done
Event: 0.734 loading class java/io/RandomAccessFile$1
Event: 0.734 loading class java/io/RandomAccessFile$1 done
Event: 0.736 loading class java/net/URLClassLoader$1
Event: 0.736 loading class java/net/URLClassLoader$1 done
Event: 0.737 loading class java/io/FilePermission$1
Event: 0.737 loading class jdk/internal/access/JavaIOFilePermissionAccess
Event: 0.737 loading class jdk/internal/access/JavaIOFilePermissionAccess done
Event: 0.737 loading class java/io/FilePermission$1 done
Event: 0.737 loading class java/io/FilePermissionCollection
Event: 0.737 loading class java/io/FilePermissionCollection done
Event: 0.737 loading class java/io/FilePermissionCollection$1
Event: 0.737 loading class java/io/FilePermissionCollection$1 done
Event: 0.741 loading class java/util/regex/Pattern$Dollar
Event: 0.741 loading class java/util/regex/Pattern$Dollar done
Event: 0.752 loading class java/lang/AbstractMethodError
Event: 0.752 loading class java/lang/AbstractMethodError done


Dynamic libraries:
0x00007ff6c59a0000 - 0x00007ff6c59aa000 	C:\Program Files\Android\Android Studio\jbr\bin\java.exe
0x00007ff951290000 - 0x00007ff9514a7000 	C:\WINDOWS\SYSTEM32\ntdll.dll
0x00007ff94fac0000 - 0x00007ff94fb84000 	C:\WINDOWS\System32\KERNEL32.DLL
0x00007ff94eaa0000 - 0x00007ff94ee4d000 	C:\WINDOWS\System32\KERNELBASE.dll
0x00007ff94e8d0000 - 0x00007ff94e9e1000 	C:\WINDOWS\System32\ucrtbase.dll
0x00007ff91d260000 - 0x00007ff91d277000 	C:\Program Files\Android\Android Studio\jbr\bin\jli.dll
0x00007ff91f6d0000 - 0x00007ff91f6eb000 	C:\Program Files\Android\Android Studio\jbr\bin\VCRUNTIME140.dll
0x00007ff951070000 - 0x00007ff95121e000 	C:\WINDOWS\System32\USER32.dll
0x00007ff94e9f0000 - 0x00007ff94ea16000 	C:\WINDOWS\System32\win32u.dll
0x00007ff934a80000 - 0x00007ff934d13000 	C:\WINDOWS\WinSxS\amd64_microsoft.windows.common-controls_6595b64144ccf1df_6.0.22621.3672_none_2713b9d173822955\COMCTL32.dll
0x00007ff94ff20000 - 0x00007ff94ff49000 	C:\WINDOWS\System32\GDI32.dll
0x00007ff94e7b0000 - 0x00007ff94e8c9000 	C:\WINDOWS\System32\gdi32full.dll
0x00007ff94fc60000 - 0x00007ff94fd07000 	C:\WINDOWS\System32\msvcrt.dll
0x00007ff94eef0000 - 0x00007ff94ef8a000 	C:\WINDOWS\System32\msvcp_win.dll
0x00007ff94fee0000 - 0x00007ff94ff11000 	C:\WINDOWS\System32\IMM32.DLL
0x00007ff949720000 - 0x00007ff94972c000 	C:\Program Files\Android\Android Studio\jbr\bin\vcruntime140_1.dll
0x00007ff8fea70000 - 0x00007ff8feafd000 	C:\Program Files\Android\Android Studio\jbr\bin\msvcp140.dll
0x00007ff8f0ef0000 - 0x00007ff8f1b73000 	C:\Program Files\Android\Android Studio\jbr\bin\server\jvm.dll
0x00007ff94ef90000 - 0x00007ff94f042000 	C:\WINDOWS\System32\ADVAPI32.dll
0x00007ff950560000 - 0x00007ff950609000 	C:\WINDOWS\System32\sechost.dll
0x00007ff94ee50000 - 0x00007ff94ee78000 	C:\WINDOWS\System32\bcrypt.dll
0x00007ff950610000 - 0x00007ff950724000 	C:\WINDOWS\System32\RPCRT4.dll
0x00007ff94e450000 - 0x00007ff94e49d000 	C:\WINDOWS\SYSTEM32\POWRPROF.dll
0x00007ff930d70000 - 0x00007ff930d79000 	C:\WINDOWS\SYSTEM32\WSOCK32.dll
0x00007ff945490000 - 0x00007ff9454c4000 	C:\WINDOWS\SYSTEM32\WINMM.dll
0x00007ff946b40000 - 0x00007ff946b4a000 	C:\WINDOWS\SYSTEM32\VERSION.dll
0x00007ff94fa20000 - 0x00007ff94fa91000 	C:\WINDOWS\System32\WS2_32.dll
0x00007ff94e430000 - 0x00007ff94e443000 	C:\WINDOWS\SYSTEM32\UMPDC.dll
0x00007ff94d5b0000 - 0x00007ff94d5c8000 	C:\WINDOWS\SYSTEM32\kernel.appcore.dll
0x00007ff949070000 - 0x00007ff94907a000 	C:\Program Files\Android\Android Studio\jbr\bin\jimage.dll
0x00007ff94be70000 - 0x00007ff94c0a2000 	C:\WINDOWS\SYSTEM32\DBGHELP.DLL
0x00007ff94f690000 - 0x00007ff94fa1e000 	C:\WINDOWS\System32\combase.dll
0x00007ff9501c0000 - 0x00007ff950297000 	C:\WINDOWS\System32\OLEAUT32.dll
0x00007ff931110000 - 0x00007ff931142000 	C:\WINDOWS\SYSTEM32\dbgcore.DLL
0x00007ff94ea20000 - 0x00007ff94ea9b000 	C:\WINDOWS\System32\bcryptPrimitives.dll
0x00007ff91f4f0000 - 0x00007ff91f515000 	C:\Program Files\Android\Android Studio\jbr\bin\java.dll
0x00007ff91d240000 - 0x00007ff91d258000 	C:\Program Files\Android\Android Studio\jbr\bin\zip.dll
0x00007ff950800000 - 0x00007ff951067000 	C:\WINDOWS\System32\SHELL32.dll
0x00007ff94c4b0000 - 0x00007ff94cdaf000 	C:\WINDOWS\SYSTEM32\windows.storage.dll
0x00007ff94c370000 - 0x00007ff94c4af000 	C:\WINDOWS\SYSTEM32\wintypes.dll
0x00007ff950460000 - 0x00007ff950559000 	C:\WINDOWS\System32\SHCORE.dll
0x00007ff94f4d0000 - 0x00007ff94f52e000 	C:\WINDOWS\System32\shlwapi.dll
0x00007ff94e4b0000 - 0x00007ff94e4d7000 	C:\WINDOWS\SYSTEM32\profapi.dll
0x00007ff91b260000 - 0x00007ff91b279000 	C:\Program Files\Android\Android Studio\jbr\bin\net.dll
0x00007ff947130000 - 0x00007ff947266000 	C:\WINDOWS\SYSTEM32\WINHTTP.dll
0x00007ff94da40000 - 0x00007ff94daa9000 	C:\WINDOWS\system32\mswsock.dll
0x00007ff91b240000 - 0x00007ff91b256000 	C:\Program Files\Android\Android Studio\jbr\bin\nio.dll

dbghelp: loaded successfully - version: 4.0.5 - missing functions: none
symbol engine: initialized successfully - sym options: 0x614 - pdb path: .;C:\Program Files\Android\Android Studio\jbr\bin;C:\WINDOWS\SYSTEM32;C:\WINDOWS\WinSxS\amd64_microsoft.windows.common-controls_6595b64144ccf1df_6.0.22621.3672_none_2713b9d173822955;C:\Program Files\Android\Android Studio\jbr\bin\server

VM Arguments:
java_command: org.jetbrains.kotlin.cli.jvm.K2JVMCompiler @C:\ASProjects\Cart\app\build\20240929_10131412160204096618.compiler.options
java_class_path (initial): C:\Users\4kimo\.gradle\caches\modules-2\files-2.1\org.jetbrains.kotlin\kotlin-compiler-embeddable\1.9.0\2c8c3a7402becca891f12739b3e9fd2dc2adbd7a\kotlin-compiler-embeddable-1.9.0.jar;C:\Users\4kimo\.gradle\caches\modules-2\files-2.1\org.jetbrains.kotlin\kotlin-stdlib\1.9.0\8ee15ef0c67dc83d874f412d84378d7f0eb50b63\kotlin-stdlib-1.9.0.jar;C:\Users\4kimo\.gradle\caches\modules-2\files-2.1\org.jetbrains.kotlin\kotlin-script-runtime\1.9.0\4b3102cbbb7e1b58d9d1adf89563f00069ffa7d1\kotlin-script-runtime-1.9.0.jar;C:\Users\4kimo\.gradle\caches\modules-2\files-2.1\org.jetbrains.kotlin\kotlin-reflect\1.6.10\1cbe9c92c12a94eea200d23c2bbaedaf3daf5132\kotlin-reflect-1.6.10.jar;C:\Users\4kimo\.gradle\caches\modules-2\files-2.1\org.jetbrains.kotlin\kotlin-daemon-embeddable\1.9.0\186543f5e28cf8d9a0290fecc2cf34301c40a65c\kotlin-daemon-embeddable-1.9.0.jar;C:\Users\4kimo\.gradle\caches\modules-2\files-2.1\org.jetbrains.intellij.deps\trove4j\1.0.20200330\3afb14d5f9ceb459d724e907a21145e8ff394f02\trove4j-1.0.20200330.jar;C:\Users\4kimo\.gradle\caches\modules-2\files-2.1\org.jetbrains.kotlin\kotlin-stdlib-common\1.9.0\cd65c21cfd1eec4d44ef09f9f52b6d9f8a720636\kotlin-stdlib-common-1.9.0.jar;C:\Users\4kimo\.gradle\caches\modules-2\files-2.1\org.jetbrains\annotations\13.0\919f0dfe192fb4e063e7dacadee7f8bb9a2672a9\annotations-13.0.jar
Launcher Type: SUN_STANDARD

[Global flags]
     intx CICompilerCount                          = 4                                         {product} {ergonomic}
     uint ConcGCThreads                            = 3                                         {product} {ergonomic}
     uint G1ConcRefinementThreads                  = 10                                        {product} {ergonomic}
   size_t G1HeapRegionSize                         = 1048576                                   {product} {ergonomic}
    uintx GCDrainStackTargetSize                   = 64                                        {product} {ergonomic}
   size_t InitialHeapSize                          = 130023424                                 {product} {ergonomic}
   size_t MarkStackSize                            = 4194304                                   {product} {ergonomic}
   size_t MaxHeapSize                              = 2071986176                                {product} {ergonomic}
   size_t MaxNewSize                               = 1242562560                                {product} {ergonomic}
   size_t MinHeapDeltaBytes                        = 1048576                                   {product} {ergonomic}
   size_t MinHeapSize                              = 8388608                                   {product} {ergonomic}
    uintx NonNMethodCodeHeapSize                   = 5839372                                {pd product} {ergonomic}
    uintx NonProfiledCodeHeapSize                  = 122909434                              {pd product} {ergonomic}
    uintx ProfiledCodeHeapSize                     = 122909434                              {pd product} {ergonomic}
    uintx ReservedCodeCacheSize                    = 251658240                              {pd product} {ergonomic}
     bool SegmentedCodeCache                       = true                                      {product} {ergonomic}
   size_t SoftMaxHeapSize                          = 2071986176                             {manageable} {ergonomic}
     bool UseCompressedClassPointers               = true                           {product lp64_product} {ergonomic}
     bool UseCompressedOops                        = true                           {product lp64_product} {ergonomic}
     bool UseG1GC                                  = true                                      {product} {ergonomic}
     bool UseLargePagesIndividualAllocation        = false                                  {pd product} {ergonomic}

Logging:
Log output configuration:
 #0: stdout all=warning uptime,level,tags
 #1: stderr all=off uptime,level,tags

Environment Variables:
JAVA_HOME=C:\Program Files\Microsoft\jdk-11.0.16.101-hotspot
PATH=C:\Python312\Scripts\;C:\Python312\;C:\Program Files\dotnet\;C:\Program Files (x86)\dotnet\;C:\Program Files\Common Files\Oracle\Java\javapath;C:\Program Files (x86)\Common Files\Oracle\Java\javapath;C:\Program Files\Microsoft\jdk-11.0.16.101-hotspot\bin;C:\WINDOWS\system32;C:\WINDOWS;C:\WINDOWS\System32\Wbem;C:\WINDOWS\System32\WindowsPowerShell\v1.0\;C:\WINDOWS\System32\OpenSSH\;C:\Program Files\Microsoft SQL Server\150\Tools\Binn\;C:\Windows\System32;C:\xampp\php;C:\composer;C:\ProgramData\chocolatey\bin;C:\Program Files\Microsoft SQL Server\Client SDK\ODBC\170\Tools\Binn\;C:\Program Files (x86)\NVIDIA Corporation\PhysX\Common;C:\WINDOWS\system32;C:\WINDOWS;C:\WINDOWS\System32\Wbem;C:\WINDOWS\System32\WindowsPowerShell\v1.0\;C:\WINDOWS\System32\OpenSSH\;C:\PHP;C:\Program Files (x86)\Microsoft SQL Server\160\Tools\Binn\;C:\Program Files\Microsoft SQL Server\160\Tools\Binn\;C:\Program Files\Microsoft SQL Server\160\DTS\Binn\;C:\Program Files\Go\bin;C:\Download\platform-tools_r34.0.5-windows\platform-tools;C:\Download\platform-tools_r34.0.5-windows\platform-tools\fastboot.exe;C:\Program Files\nodejs\;C:\Program Files\Git\cmd;C:\Program Files\dotnet\;C:\Users\4kimo\.dotnet\tools;C:\Program Files (x86)\dotnet\;C:\Users\4kimo\.cargo\bin;C:\Users\4kimo\AppData\Local\Programs\Python\Python311\Scripts\;C:\Users\4kimo\AppData\Local\Programs\Python\Python311\;"C:\xampp\php;C:\Users\4kimo\AppData\Local\Programs\Python\Python311\Scripts\";C:\Users\4kimo\AppData\Local\Microsoft\WindowsApps;C:\Users\4kimo\AppData\Local\Programs\Microsoft VS Code\bin;C:\PyCharm Community Edition 2022.3.1\bin;;C:\Program Files\JetBrains\PyCharm 2023.1\bin;;C:\Program Files\JetBrains\PhpStorm 2023.1.3\bin;;C:\Users\4kimo\AppData\Roaming\Composer\vendor\bin;C:\Users\4kimo\AppData\Local\GitHubDesktop\bin;C:\Users\4kimo\go\bin;C:\Program Files\JetBrains\GoLand 2023.1.3\bin;;C:\Program Files\JetBrains\IntelliJ IDEA 2023.1.3\bin;;"C:\Users\4kimo\flutter\flutter\bin";C:\tools\dart-sdk\bin;C:\Users\4ki
USERNAME=Akimov
OS=Windows_NT
PROCESSOR_IDENTIFIER=Intel64 Family 6 Model 154 Stepping 4, GenuineIntel
TMP=C:\Users\4kimo\AppData\Local\Temp
TEMP=C:\Users\4kimo\AppData\Local\Temp



Periodic native trim disabled

JNI global refs:
JNI global refs: 9, weak refs: 0

JNI global refs memory usage: 843, weak refs: 209

Process memory usage:
Resident Set Size: 108496K (1% of 8085792K total physical memory with 250264K free physical memory)

OOME stack traces (most recent first):
Classloader memory used:
Loader jdk.internal.loader.ClassLoaders$AppClassLoader                                 : 1529K
Loader bootstrap                                                                       : 1134K
Loader jdk.internal.reflect.DelegatingClassLoader                                      : 4685B
Loader java.net.URLClassLoader                                                         : 3553B


---------------  S Y S T E M  ---------------

OS:
 Windows 11 , 64 bit Build 22621 (10.0.22621.3958)
OS uptime: 2 days 0:16 hours
Hyper-V role detected

CPU: total 12 (initial active 12) (6 cores per cpu, 2 threads per core) family 6 model 154 stepping 4 microcode 0x41f, cx8, cmov, fxsr, ht, mmx, 3dnowpref, sse, sse2, sse3, ssse3, sse4.1, sse4.2, popcnt, lzcnt, tsc, tscinvbit, avx, avx2, aes, erms, clmul, bmi1, bmi2, adx, sha, fma, vzeroupper, clflush, clflushopt, clwb, hv
Processor Information for processor 0
  Max Mhz: 2500, Current Mhz: 2500, Mhz Limit: 2500
Processor Information for processor 1
  Max Mhz: 2500, Current Mhz: 2500, Mhz Limit: 2500
Processor Information for processor 2
  Max Mhz: 2500, Current Mhz: 2500, Mhz Limit: 2500
Processor Information for processor 3
  Max Mhz: 2500, Current Mhz: 2500, Mhz Limit: 2500
Processor Information for processor 4
  Max Mhz: 2500, Current Mhz: 1730, Mhz Limit: 1725
Processor Information for processor 5
  Max Mhz: 2500, Current Mhz: 1730, Mhz Limit: 1725
Processor Information for processor 6
  Max Mhz: 2500, Current Mhz: 1730, Mhz Limit: 1725
Processor Information for processor 7
  Max Mhz: 2500, Current Mhz: 1730, Mhz Limit: 1725
Processor Information for processor 8
  Max Mhz: 2500, Current Mhz: 1730, Mhz Limit: 1725
Processor Information for processor 9
  Max Mhz: 2500, Current Mhz: 1730, Mhz Limit: 1725
Processor Information for processor 10
  Max Mhz: 2500, Current Mhz: 1730, Mhz Limit: 1725
Processor Information for processor 11
  Max Mhz: 2500, Current Mhz: 1730, Mhz Limit: 1725

Memory: 4k page, system-wide physical 7896M (244M free)
TotalPageFile size 15896M (AvailPageFile size 206M)
current process WorkingSet (physical memory assigned to process): 108M, peak: 108M
current process commit charge ("private bytes"): 235M, peak: 236M

vm_info: OpenJDK 64-Bit Server VM (17.0.11+0--11852314) for windows-amd64 JRE (17.0.11+0--11852314), built on May 16 2024 21:29:20 by "androidbuild" with MS VC++ 16.10 / 16.11 (VS2019)

END.
